<?xml version="1.0" encoding="UTF-8"?>
<testng-results skipped="0" failed="0" total="1" passed="1">
  <reporter-output>
  </reporter-output>
  <suite name="test.JsonServiceTest" duration-ms="7393" started-at="2014-09-04T18:32:02Z" finished-at="2014-09-04T18:32:09Z">
    <groups>
    </groups>
    <test name="Command line test" duration-ms="7393" started-at="2014-09-04T18:32:02Z" finished-at="2014-09-04T18:32:09Z">
      <class name="test.JsonServiceTest">
        <test-method status="PASS" signature="JsonTest()" name="JsonTest" duration-ms="7385" started-at="2014-09-04T18:32:02Z" finished-at="2014-09-04T18:32:09Z">
        </test-method>
      </class>
    </test>
  </suite>
</testng-results>
