<?xml version="1.0" encoding="UTF-8"?>
<testng-results skipped="0" failed="0" total="1" passed="1">
  <reporter-output>
  </reporter-output>
  <suite name="Default suite" duration-ms="304" started-at="2014-09-05T15:45:26Z" finished-at="2014-09-05T15:45:27Z">
    <groups>
    </groups>
    <test name="Default test" duration-ms="304" started-at="2014-09-05T15:45:26Z" finished-at="2014-09-05T15:45:27Z">
      <class name="test.JsonServiceTest">
        <test-method status="PASS" signature="registrationNegativeTest()[pri:0, instance:test.JsonServiceTest@21a06946]" name="registrationNegativeTest" duration-ms="294" started-at="2014-09-05T18:45:26Z" finished-at="2014-09-05T18:45:27Z">
          <reporter-output>
          </reporter-output>
        </test-method> <!-- registrationNegativeTest -->
      </class> <!-- test.JsonServiceTest -->
    </test> <!-- Default test -->
  </suite> <!-- Default suite -->
</testng-results>
