<?xml version="1.0" encoding="UTF-8"?>
<testng-results skipped="0" failed="0" total="1" passed="1">
  <reporter-output>
  </reporter-output>
  <suite name="Default suite" duration-ms="252" started-at="2014-09-08T13:46:54Z" finished-at="2014-09-08T13:46:54Z">
    <groups>
    </groups>
    <test name="Default test" duration-ms="252" started-at="2014-09-08T13:46:54Z" finished-at="2014-09-08T13:46:54Z">
      <class name="test.JsonServiceTest">
        <test-method status="PASS" signature="saveProfileCorrectTest()[pri:0, instance:test.JsonServiceTest@1bc6a36e]" name="saveProfileCorrectTest" duration-ms="243" started-at="2014-09-08T16:46:54Z" finished-at="2014-09-08T16:46:54Z">
          <reporter-output>
          </reporter-output>
        </test-method> <!-- saveProfileCorrectTest -->
      </class> <!-- test.JsonServiceTest -->
    </test> <!-- Default test -->
  </suite> <!-- Default suite -->
</testng-results>
